#
# There is insufficient memory for the Java Runtime Environment to continue.
# Native memory allocation (mmap) failed to map 4194304 bytes for Failed to commit area from 0x00000232b9930000 to 0x00000232b9d30000 of length 4194304.
# Possible reasons:
#   The system is out of physical RAM or swap space
#   The process is running with CompressedOops enabled, and the Java Heap may be blocking the growth of the native heap
# Possible solutions:
#   Reduce memory load on the system
#   Increase physical memory or swap space
#   Check if swap backing store is full
#   Decrease Java heap size (-Xmx/-Xms)
#   Decrease number of Java threads
#   Decrease Java thread stack sizes (-Xss)
#   Set larger code cache with -XX:ReservedCodeCacheSize=
#   JVM is running with Zero Based Compressed Oops mode in which the Java heap is
#     placed in the first 32GB address space. The Java Heap base address is the
#     maximum limit for the native heap growth. Please use -XX:HeapBaseMinAddress
#     to set the Java Heap base and to place the Java Heap above 32GB virtual address.
# This output file may be truncated or incomplete.
#
#  Out of Memory Error (./open/src/hotspot/os/windows/os_windows.cpp:3315), pid=1092, tid=5320
#
# JRE version:  (14.0.2+12) (build )
# Java VM: Java HotSpot(TM) 64-Bit Server VM (14.0.2+12-46, mixed mode, sharing, tiered, compressed oops, g1 gc, windows-amd64)
# No core dump will be written. Minidumps are not enabled by default on client versions of Windows
#

---------------  S U M M A R Y ------------

Command Line: -Dfile.encoding=UTF-8 GUI.Tester

Host: Intel(R) Core(TM) i7-4870HQ CPU @ 2.50GHz, 8 cores, 15G,  Windows 10 , 64 bit Build 18362 (10.0.18362.1500)
Time: Wed Sep 15 20:36:11 2021 SE Asia Standard Time elapsed time: 0 seconds (0d 0h 0m 0s)

---------------  T H R E A D  ---------------

Current thread (0x000002329e70f800):  JavaThread "Unknown thread" [_thread_in_vm, id=5320, stack(0x000000f7ccf00000,0x000000f7cd000000)]

Stack: [0x000000f7ccf00000,0x000000f7cd000000]
Native frames: (J=compiled Java code, j=interpreted, Vv=VM code, C=native code)
V  [jvm.dll+0x5f8a9a]
V  [jvm.dll+0x74247a]
V  [jvm.dll+0x743c2f]
V  [jvm.dll+0x744273]
V  [jvm.dll+0x20d288]
V  [jvm.dll+0x5f5dea]
V  [jvm.dll+0x5eac45]
V  [jvm.dll+0x2c7e9c]
V  [jvm.dll+0x2c7cd2]
V  [jvm.dll+0x2cdbbc]
V  [jvm.dll+0x313ffb]
V  [jvm.dll+0x313710]
V  [jvm.dll+0x2a092a]
V  [jvm.dll+0x2a1a79]
V  [jvm.dll+0x71fd48]
V  [jvm.dll+0x321c14]
V  [jvm.dll+0x70112c]
V  [jvm.dll+0x392def]
V  [jvm.dll+0x394e61]
C  [jli.dll+0x524b]
C  [ucrtbase.dll+0x210b2]
C  [KERNEL32.DLL+0x17c24]
C  [ntdll.dll+0x6d721]


---------------  P R O C E S S  ---------------

Threads class SMR info:
_java_thread_list=0x00007fff374e3038, length=0, elements={
}

Java Threads: ( => current thread )

Other Threads:
  0x000002329e778800 GCTaskThread "GC Thread#0" [stack: 0x000000f7cd000000,0x000000f7cd100000] [id=16264]
  0x000002329e79b800 ConcurrentGCThread "G1 Main Marker" [stack: 0x000000f7cd100000,0x000000f7cd200000] [id=8872]
  0x000002329e79c800 ConcurrentGCThread "G1 Conc#0" [stack: 0x000000f7cd200000,0x000000f7cd300000] [id=5148]

[error occurred during error reporting (printing all threads), id 0xc0000005, EXCEPTION_ACCESS_VIOLATION (0xc0000005) at pc=0x00007fff36d11257]

VM state:not at safepoint (not fully initialized)

VM Mutex/Monitor currently owned by a thread:  ([mutex/lock_event])
[0x000002329e70c980] Heap_lock - owner thread: 0x000002329e70f800

Heap address: 0x0000000701e00000, size: 4066 MB, Compressed Oops mode: Zero based, Oop shift amount: 3
Narrow klass base: 0x0000000000000000, Narrow klass shift: 0

GC Heap History (0 events):
No events

Deoptimization events (0 events):
No events

Classes unloaded (0 events):
No events

Classes redefined (0 events):
No events

Internal exceptions (0 events):
No events

Events (2 events):
Event: 0.006 Loaded shared library C:\Program Files\Java\jdk-14.0.2\bin\java.dll
Event: 0.006 Loaded shared library C:\Program Files\Java\jdk-14.0.2\bin\zip.dll


Dynamic libraries:
0x00007ff6f0c10000 - 0x00007ff6f0c1f000 	C:\Program Files\Java\jdk-14.0.2\bin\java.exe
0x00007fffa10c0000 - 0x00007fffa12b0000 	C:\Windows\SYSTEM32\ntdll.dll
0x00007fff9fe10000 - 0x00007fff9fec2000 	C:\Windows\System32\KERNEL32.DLL
0x00007fff9e4e0000 - 0x00007fff9e785000 	C:\Windows\System32\KERNELBASE.dll
0x00007fff9f040000 - 0x00007fff9f13a000 	C:\Windows\System32\ucrtbase.dll
0x00007fff8ff30000 - 0x00007fff8ff45000 	C:\Program Files\Java\jdk-14.0.2\bin\VCRUNTIME140.dll
0x00007fff77330000 - 0x00007fff77348000 	C:\Program Files\Java\jdk-14.0.2\bin\jli.dll
0x00007fffa0c10000 - 0x00007fffa0cb3000 	C:\Windows\System32\ADVAPI32.dll
0x00007fffa0080000 - 0x00007fffa011e000 	C:\Windows\System32\msvcrt.dll
0x00007fff9f820000 - 0x00007fff9f8b7000 	C:\Windows\System32\sechost.dll
0x00007fff9f8c0000 - 0x00007fff9f9df000 	C:\Windows\System32\RPCRT4.dll
0x00007fffa0ee0000 - 0x00007fffa1074000 	C:\Windows\System32\USER32.dll
0x00007fff9e150000 - 0x00007fff9e171000 	C:\Windows\System32\win32u.dll
0x00007fff8e0e0000 - 0x00007fff8e364000 	C:\Windows\WinSxS\amd64_microsoft.windows.common-controls_6595b64144ccf1df_6.0.18362.1556_none_9e7e372fe45e41d5\COMCTL32.dll
0x00007fff9f610000 - 0x00007fff9f636000 	C:\Windows\System32\GDI32.dll
0x00007fff9f9e0000 - 0x00007fff9fd16000 	C:\Windows\System32\combase.dll
0x00007fff9e2e0000 - 0x00007fff9e478000 	C:\Windows\System32\gdi32full.dll
0x00007fff9e790000 - 0x00007fff9e811000 	C:\Windows\System32\bcryptPrimitives.dll
0x00007fff9efa0000 - 0x00007fff9f03e000 	C:\Windows\System32\msvcp_win.dll
0x00007fff95a20000 - 0x00007fff95a2a000 	C:\Windows\SYSTEM32\VERSION.dll
0x00007fff9f170000 - 0x00007fff9f19e000 	C:\Windows\System32\IMM32.DLL
0x00007fff6b330000 - 0x00007fff6b3cb000 	C:\Program Files\Java\jdk-14.0.2\bin\msvcp140.dll
0x00007fff36a60000 - 0x00007fff3757e000 	C:\Program Files\Java\jdk-14.0.2\bin\server\jvm.dll
0x00007fff9f6b0000 - 0x00007fff9f6b8000 	C:\Windows\System32\PSAPI.DLL
0x00007fff9a5f0000 - 0x00007fff9a614000 	C:\Windows\SYSTEM32\WINMM.dll
0x00007fff96400000 - 0x00007fff96409000 	C:\Windows\SYSTEM32\WSOCK32.dll
0x00007fff9fed0000 - 0x00007fff9ff3f000 	C:\Windows\System32\WS2_32.dll
0x00007fff9a530000 - 0x00007fff9a55d000 	C:\Windows\SYSTEM32\winmmbase.dll
0x00007fff9e100000 - 0x00007fff9e14a000 	C:\Windows\System32\cfgmgr32.dll
0x00007fff9dfa0000 - 0x00007fff9dfb1000 	C:\Windows\System32\kernel.appcore.dll
0x00007fff94430000 - 0x00007fff9443a000 	C:\Program Files\Java\jdk-14.0.2\bin\jimage.dll
0x00007fff8d2e0000 - 0x00007fff8d4d4000 	C:\Windows\SYSTEM32\DBGHELP.DLL
0x00007fff8c250000 - 0x00007fff8c27a000 	C:\Windows\SYSTEM32\dbgcore.DLL
0x00007fff72110000 - 0x00007fff72135000 	C:\Program Files\Java\jdk-14.0.2\bin\java.dll
0x00007fff81440000 - 0x00007fff81456000 	C:\Program Files\Java\jdk-14.0.2\bin\zip.dll

dbghelp: loaded successfully - version: 4.0.5 - missing functions: none
symbol engine: initialized successfully - sym options: 0x614 - pdb path: .;C:\Program Files\Java\jdk-14.0.2\bin;C:\Windows\SYSTEM32;C:\Windows\WinSxS\amd64_microsoft.windows.common-controls_6595b64144ccf1df_6.0.18362.1556_none_9e7e372fe45e41d5;C:\Program Files\Java\jdk-14.0.2\bin\server

VM Arguments:
jvm_args: -Dfile.encoding=UTF-8 
java_command: GUI.Tester
java_class_path (initial): C:\Users\Win\Desktop\LAB211\FoodManagementLAB1\build\classes
Launcher Type: SUN_STANDARD

[Global flags]
     intx CICompilerCount                          = 4                                         {product} {ergonomic}
     uint ConcGCThreads                            = 2                                         {product} {ergonomic}
     uint G1ConcRefinementThreads                  = 8                                         {product} {ergonomic}
   size_t G1HeapRegionSize                         = 1048576                                   {product} {ergonomic}
    uintx GCDrainStackTargetSize                   = 64                                        {product} {ergonomic}
   size_t InitialHeapSize                          = 268435456                                 {product} {ergonomic}
   size_t MarkStackSize                            = 4194304                                   {product} {ergonomic}
   size_t MaxHeapSize                              = 4263510016                                {product} {ergonomic}
   size_t MinHeapDeltaBytes                        = 1048576                                   {product} {ergonomic}
   size_t MinHeapSize                              = 8388608                                   {product} {ergonomic}
    uintx NonNMethodCodeHeapSize                   = 5839372                                {pd product} {ergonomic}
    uintx NonProfiledCodeHeapSize                  = 122909434                              {pd product} {ergonomic}
    uintx ProfiledCodeHeapSize                     = 122909434                              {pd product} {ergonomic}
    uintx ReservedCodeCacheSize                    = 251658240                              {pd product} {ergonomic}
     bool SegmentedCodeCache                       = true                                      {product} {ergonomic}
   size_t SoftMaxHeapSize                          = 4263510016                             {manageable} {ergonomic}
     bool UseCompressedClassPointers               = true                                 {lp64_product} {ergonomic}
     bool UseCompressedOops                        = true                                 {lp64_product} {ergonomic}
     bool UseG1GC                                  = true                                      {product} {ergonomic}
     bool UseLargePagesIndividualAllocation        = false                                  {pd product} {ergonomic}

Logging:
Log output configuration:
 #0: stdout all=warning uptime,level,tags
 #1: stderr all=off uptime,level,tags

Environment Variables:
PATH=C:\Program Files (x86)\Common Files\Oracle\Java\javapath;C:\Program Files (x86)\Intel\iCLS Client\;C:\Program Files\Intel\iCLS Client\;C:\Windows\system32;C:\Windows;C:\Windows\System32\Wbem;C:\Windows\System32\WindowsPowerShell\v1.0\;C:\Windows\System32\OpenSSH\;C:\Program Files\Intel\Intel(R) Management Engine Components\DAL;C:\Program Files (x86)\Intel\Intel(R) Management Engine Components\DAL;C:\Program Files\Intel\Intel(R) Management Engine Components\IPT;C:\Program Files (x86)\Intel\Intel(R) Management Engine Components\IPT;C:\Program Files (x86)\ATI Technologies\ATI.ACE\Core-Static;C:\Program Files\Git\cmd;C:\Program Files\Git\bin;C:\Program Files (x86)\Microsoft SQL Server\150\Tools\Binn\;C:\Program Files\Microsoft SQL Server\150\Tools\Binn\;C:\Program Files (x86)\Microsoft SQL Server\150\DTS\Binn\;C:\Program Files\Microsoft SQL Server\150\DTS\Binn\;C:\Program Files\Microsoft SQL Server\Client SDK\ODBC\170\Tools\Binn\;C:\Program Files\Azure Data Studio\bin;C:\Users\Win\AppData\Local\Microsoft\WindowsApps;C:\Users\Win\AppData\Local\Programs\Microsoft VS Code\bin;C:\Program Files\Azure Data Studio\bin
USERNAME=Win
OS=Windows_NT
PROCESSOR_IDENTIFIER=Intel64 Family 6 Model 70 Stepping 1, GenuineIntel



---------------  S Y S T E M  ---------------

OS: Windows 10 , 64 bit Build 18362 (10.0.18362.1500)
OS uptime: 0 days 11:34 hours

CPU:total 8 (initial active 8) (4 cores per cpu, 2 threads per core) family 6 model 70 stepping 1, cmov, cx8, fxsr, mmx, sse, sse2, sse3, ssse3, sse4.1, sse4.2, popcnt, avx, avx2, aes, clmul, erms, lzcnt, ht, tsc, tscinvbit, bmi1, bmi2, fma

Memory: 4k page, system-wide physical 16260M (8845M free)
TotalPageFile size 24792M (AvailPageFile size 7M)
current process WorkingSet (physical memory assigned to process): 10M, peak: 10M
current process commit charge ("private bytes"): 317M, peak: 321M

vm_info: Java HotSpot(TM) 64-Bit Server VM (14.0.2+12-46) for windows-amd64 JRE (14.0.2+12-46), built on Jul  9 2020 00:35:52 by "mach5one" with MS VC++ 15.9 (VS2017)

END.
